# JRE version: Java(TM) SE Runtime Environment (22.0+36) (build 22+36-2370)
# Java VM: Java HotSpot(TM) 64-Bit Server VM (22+36-2370, mixed mode, sharing, tiered, compressed oops, compressed class ptrs, g1 gc, windows-amd64)
GC Precious Log:
 CardTable entry size: 512
 Card Set container configuration: InlinePtr #cards 5 size 8 Array Of Cards #cards 12 size 40 Howl #buckets 4 coarsen threshold 1843 Howl Bitmap #cards 512 size 80 coarsen threshold 460 Card regions per heap region 1 cards per card region 2048
 CPUs: 12 total, 12 available
 Memory: 7532M
 Large Page Support: Disabled
 NUMA Support: Disabled
 Compressed Oops: Enabled (32-bit)
 Heap Region Size: 1M
 Heap Min Capacity: 8M
 Heap Initial Capacity: 118M
 Heap Max Capacity: 1884M
 Pre-touch: Disabled
 Parallel Workers: 10
 Concurrent Workers: 3
 Concurrent Refinement Workers: 10
 Periodic GC: Disabled
Heap:
 garbage-first heap   total reserved 1929216K, committed 135168K, used 62464K [0x000000008a400000, 0x0000000100000000)
  region size 1024K, 5 young (5120K), 3 survivors (3072K)
 Metaspace       used 34502K, committed 35008K, reserved 1114112K
  class space    used 4041K, committed 4288K, reserved 1048576K
GC Heap History (18 events):
Event: 0.622 GC heap before
{Heap before GC invocations=0 (full 0):
 garbage-first heap   total reserved 1929216K, committed 120832K, used 23552K [0x000000008a400000, 0x0000000100000000)
  region size 1024K, 24 young (24576K), 0 survivors (0K)
 Metaspace       used 5638K, committed 5824K, reserved 1114112K
  class space    used 677K, committed 768K, reserved 1048576K
}
Event: 0.627 GC heap after
{Heap after GC invocations=1 (full 0):
 garbage-first heap   total reserved 1929216K, committed 120832K, used 3823K [0x000000008a400000, 0x0000000100000000)
  region size 1024K, 3 young (3072K), 3 survivors (3072K)
 Metaspace       used 5638K, committed 5824K, reserved 1114112K
  class space    used 677K, committed 768K, reserved 1048576K
}
Event: 1.084 GC heap before
{Heap before GC invocations=1 (full 0):
 garbage-first heap   total reserved 1929216K, committed 120832K, used 36591K [0x000000008a400000, 0x0000000100000000)
  region size 1024K, 36 young (36864K), 3 survivors (3072K)
 Metaspace       used 11026K, committed 11264K, reserved 1114112K
  class space    used 1347K, committed 1472K, reserved 1048576K
}
Event: 1.093 GC heap after
{Heap after GC invocations=2 (full 0):
 garbage-first heap   total reserved 1929216K, committed 120832K, used 6202K [0x000000008a400000, 0x0000000100000000)
  region size 1024K, 3 young (3072K), 3 survivors (3072K)
 Metaspace       used 11026K, committed 11264K, reserved 1114112K
  class space    used 1347K, committed 1472K, reserved 1048576K
}
Event: 1.950 GC heap before
{Heap before GC invocations=2 (full 0):
 garbage-first heap   total reserved 1929216K, committed 120832K, used 74810K [0x000000008a400000, 0x0000000100000000)
  region size 1024K, 70 young (71680K), 3 survivors (3072K)
 Metaspace       used 15601K, committed 15808K, reserved 1114112K
  class space    used 1873K, committed 1984K, reserved 1048576K
}
Event: 1.965 GC heap after
{Heap after GC invocations=3 (full 0):
 garbage-first heap   total reserved 1929216K, committed 120832K, used 13932K [0x000000008a400000, 0x0000000100000000)
  region size 1024K, 9 young (9216K), 9 survivors (9216K)
 Metaspace       used 15601K, committed 15808K, reserved 1114112K
  class space    used 1873K, committed 1984K, reserved 1048576K
}
Event: 2.871 GC heap before
{Heap before GC invocations=3 (full 0):
 garbage-first heap   total reserved 1929216K, committed 120832K, used 76396K [0x000000008a400000, 0x0000000100000000)
  region size 1024K, 70 young (71680K), 9 survivors (9216K)
 Metaspace       used 17550K, committed 17856K, reserved 1114112K
  class space    used 2037K, committed 2176K, reserved 1048576K
}
Event: 2.884 GC heap after
{Heap after GC invocations=4 (full 0):
 garbage-first heap   total reserved 1929216K, committed 120832K, used 17762K [0x000000008a400000, 0x0000000100000000)
  region size 1024K, 4 young (4096K), 4 survivors (4096K)
 Metaspace       used 17550K, committed 17856K, reserved 1114112K
  class space    used 2037K, committed 2176K, reserved 1048576K
}
Event: 3.242 GC heap before
{Heap before GC invocations=4 (full 0):
 garbage-first heap   total reserved 1929216K, committed 120832K, used 43362K [0x000000008a400000, 0x0000000100000000)
  region size 1024K, 26 young (26624K), 4 survivors (4096K)
 Metaspace       used 21227K, committed 21504K, reserved 1114112K
  class space    used 2521K, committed 2624K, reserved 1048576K
}
Event: 3.250 GC heap after
{Heap after GC invocations=5 (full 0):
 garbage-first heap   total reserved 1929216K, committed 120832K, used 25954K [0x000000008a400000, 0x0000000100000000)
  region size 1024K, 8 young (8192K), 8 survivors (8192K)
 Metaspace       used 21227K, committed 21504K, reserved 1114112K
  class space    used 2521K, committed 2624K, reserved 1048576K
}
Event: 3.988 GC heap before
{Heap before GC invocations=6 (full 0):
 garbage-first heap   total reserved 1929216K, committed 89088K, used 87394K [0x000000008a400000, 0x0000000100000000)
  region size 1024K, 67 young (68608K), 8 survivors (8192K)
 Metaspace       used 27127K, committed 27584K, reserved 1114112K
  class space    used 3175K, committed 3392K, reserved 1048576K
}
Event: 4.010 GC heap after
{Heap after GC invocations=7 (full 0):
 garbage-first heap   total reserved 1929216K, committed 135168K, used 41314K [0x000000008a400000, 0x0000000100000000)
  region size 1024K, 9 young (9216K), 9 survivors (9216K)
 Metaspace       used 27127K, committed 27584K, reserved 1114112K
  class space    used 3175K, committed 3392K, reserved 1048576K
}
Event: 4.753 GC heap before
{Heap before GC invocations=7 (full 0):
 garbage-first heap   total reserved 1929216K, committed 135168K, used 110946K [0x000000008a400000, 0x0000000100000000)
  region size 1024K, 71 young (72704K), 9 survivors (9216K)
 Metaspace       used 29984K, committed 30400K, reserved 1114112K
  class space    used 3550K, committed 3712K, reserved 1048576K
}
Event: 4.764 GC heap after
{Heap after GC invocations=8 (full 0):
 garbage-first heap   total reserved 1929216K, committed 135168K, used 50176K [0x000000008a400000, 0x0000000100000000)
  region size 1024K, 9 young (9216K), 9 survivors (9216K)
 Metaspace       used 29984K, committed 30400K, reserved 1114112K
  class space    used 3550K, committed 3712K, reserved 1048576K
}
Event: 5.169 GC heap before
{Heap before GC invocations=8 (full 0):
 garbage-first heap   total reserved 1929216K, committed 135168K, used 106496K [0x000000008a400000, 0x0000000100000000)
  region size 1024K, 63 young (64512K), 9 survivors (9216K)
 Metaspace       used 30971K, committed 31424K, reserved 1114112K
  class space    used 3665K, committed 3840K, reserved 1048576K
}
Event: 5.184 GC heap after
{Heap after GC invocations=9 (full 0):
 garbage-first heap   total reserved 1929216K, committed 135168K, used 64000K [0x000000008a400000, 0x0000000100000000)
  region size 1024K, 8 young (8192K), 8 survivors (8192K)
 Metaspace       used 30971K, committed 31424K, reserved 1114112K
  class space    used 3665K, committed 3840K, reserved 1048576K
}
Event: 5.728 GC heap before
{Heap before GC invocations=9 (full 0):
 garbage-first heap   total reserved 1929216K, committed 135168K, used 108032K [0x000000008a400000, 0x0000000100000000)
  region size 1024K, 51 young (52224K), 8 survivors (8192K)
 Metaspace       used 34423K, committed 35008K, reserved 1114112K
  class space    used 4021K, committed 4288K, reserved 1048576K
}
Event: 5.733 GC heap after
{Heap after GC invocations=10 (full 0):
 garbage-first heap   total reserved 1929216K, committed 135168K, used 61440K [0x000000008a400000, 0x0000000100000000)
  region size 1024K, 3 young (3072K), 3 survivors (3072K)
 Metaspace       used 34423K, committed 35008K, reserved 1114112K
  class space    used 4021K, committed 4288K, reserved 1048576K
}

