# JRE version: OpenJDK Runtime Environment Temurin-17.0.13+11 (17.0.13+11) (build 17.0.13+11)
# Java VM: OpenJDK 64-Bit Server VM Temurin-17.0.13+11 (17.0.13+11, mixed mode, tiered, compressed oops, compressed class ptrs, g1 gc, windows-amd64)
GC Precious Log:
 CPUs: 12 total, 12 available
 Memory: 7532M
 Large Page Support: Disabled
 NUMA Support: Disabled
 Compressed Oops: Enabled (32-bit)
 Heap Region Size: 1M
 Heap Min Capacity: 8M
 Heap Initial Capacity: 118M
 Heap Max Capacity: 1884M
 Pre-touch: Disabled
 Parallel Workers: 10
 Concurrent Workers: 3
 Concurrent Refinement Workers: 10
 Periodic GC: Disabled
Heap:
 garbage-first heap   total 82944K, used 37570K [0x000000008a400000, 0x0000000100000000)
  region size 1024K, 7 young (7168K), 5 survivors (5120K)
 Metaspace       used 82178K, committed 82688K, reserved 1179648K
  class space    used 10940K, committed 11200K, reserved 1048576K
GC Heap History (20 events):
Event: 1.681 GC heap after
{Heap after GC invocations=7 (full 0):
 garbage-first heap   total 74752K, used 16612K [0x000000008a400000, 0x0000000100000000)
  region size 1024K, 5 young (5120K), 5 survivors (5120K)
 Metaspace       used 32571K, committed 32896K, reserved 1114112K
  class space    used 3916K, committed 4096K, reserved 1048576K
}
Event: 1.955 GC heap before
{Heap before GC invocations=7 (full 0):
 garbage-first heap   total 74752K, used 36068K [0x000000008a400000, 0x0000000100000000)
  region size 1024K, 25 young (25600K), 5 survivors (5120K)
 Metaspace       used 35821K, committed 36160K, reserved 1114112K
  class space    used 4378K, committed 4544K, reserved 1048576K
}
Event: 1.959 GC heap after
{Heap after GC invocations=8 (full 0):
 garbage-first heap   total 74752K, used 18667K [0x000000008a400000, 0x0000000100000000)
  region size 1024K, 5 young (5120K), 5 survivors (5120K)
 Metaspace       used 35821K, committed 36160K, reserved 1114112K
  class space    used 4378K, committed 4544K, reserved 1048576K
}
Event: 2.445 GC heap before
{Heap before GC invocations=9 (full 0):
 garbage-first heap   total 68608K, used 52459K [0x000000008a400000, 0x0000000100000000)
  region size 1024K, 38 young (38912K), 5 survivors (5120K)
 Metaspace       used 40875K, committed 41344K, reserved 1114112K
  class space    used 5071K, committed 5312K, reserved 1048576K
}
Event: 2.449 GC heap after
{Heap after GC invocations=10 (full 0):
 garbage-first heap   total 68608K, used 20859K [0x000000008a400000, 0x0000000100000000)
  region size 1024K, 5 young (5120K), 5 survivors (5120K)
 Metaspace       used 40875K, committed 41344K, reserved 1114112K
  class space    used 5071K, committed 5312K, reserved 1048576K
}
Event: 2.911 GC heap before
{Heap before GC invocations=10 (full 0):
 garbage-first heap   total 68608K, used 48507K [0x000000008a400000, 0x0000000100000000)
  region size 1024K, 33 young (33792K), 5 survivors (5120K)
 Metaspace       used 50212K, committed 50752K, reserved 1114112K
  class space    used 6378K, committed 6656K, reserved 1048576K
}
Event: 2.915 GC heap after
{Heap after GC invocations=11 (full 0):
 garbage-first heap   total 68608K, used 23494K [0x000000008a400000, 0x0000000100000000)
  region size 1024K, 5 young (5120K), 5 survivors (5120K)
 Metaspace       used 50212K, committed 50752K, reserved 1114112K
  class space    used 6378K, committed 6656K, reserved 1048576K
}
Event: 3.358 GC heap before
{Heap before GC invocations=11 (full 0):
 garbage-first heap   total 68608K, used 50118K [0x000000008a400000, 0x0000000100000000)
  region size 1024K, 32 young (32768K), 5 survivors (5120K)
 Metaspace       used 57675K, committed 58112K, reserved 1114112K
  class space    used 7342K, committed 7552K, reserved 1048576K
}
Event: 3.362 GC heap after
{Heap after GC invocations=12 (full 0):
 garbage-first heap   total 68608K, used 25495K [0x000000008a400000, 0x0000000100000000)
  region size 1024K, 3 young (3072K), 3 survivors (3072K)
 Metaspace       used 57675K, committed 58112K, reserved 1114112K
  class space    used 7342K, committed 7552K, reserved 1048576K
}
Event: 3.467 GC heap before
{Heap before GC invocations=12 (full 0):
 garbage-first heap   total 68608K, used 31639K [0x000000008a400000, 0x0000000100000000)
  region size 1024K, 10 young (10240K), 3 survivors (3072K)
 Metaspace       used 60046K, committed 60480K, reserved 1114112K
  class space    used 7732K, committed 7936K, reserved 1048576K
}
Event: 3.469 GC heap after
{Heap after GC invocations=13 (full 0):
 garbage-first heap   total 68608K, used 25759K [0x000000008a400000, 0x0000000100000000)
  region size 1024K, 3 young (3072K), 3 survivors (3072K)
 Metaspace       used 60046K, committed 60480K, reserved 1114112K
  class space    used 7732K, committed 7936K, reserved 1048576K
}
Event: 3.778 GC heap before
{Heap before GC invocations=14 (full 0):
 garbage-first heap   total 68608K, used 51359K [0x000000008a400000, 0x0000000100000000)
  region size 1024K, 29 young (29696K), 3 survivors (3072K)
 Metaspace       used 64241K, committed 64768K, reserved 1114112K
  class space    used 8500K, committed 8768K, reserved 1048576K
}
Event: 3.780 GC heap after
{Heap after GC invocations=15 (full 0):
 garbage-first heap   total 68608K, used 26473K [0x000000008a400000, 0x0000000100000000)
  region size 1024K, 2 young (2048K), 2 survivors (2048K)
 Metaspace       used 64241K, committed 64768K, reserved 1114112K
  class space    used 8500K, committed 8768K, reserved 1048576K
}
Event: 4.273 GC heap before
{Heap before GC invocations=15 (full 0):
 garbage-first heap   total 68608K, used 52073K [0x000000008a400000, 0x0000000100000000)
  region size 1024K, 28 young (28672K), 2 survivors (2048K)
 Metaspace       used 69467K, committed 70016K, reserved 1114112K
  class space    used 9206K, committed 9472K, reserved 1048576K
}
Event: 4.276 GC heap after
{Heap after GC invocations=16 (full 0):
 garbage-first heap   total 68608K, used 28615K [0x000000008a400000, 0x0000000100000000)
  region size 1024K, 4 young (4096K), 4 survivors (4096K)
 Metaspace       used 69467K, committed 70016K, reserved 1114112K
  class space    used 9206K, committed 9472K, reserved 1048576K
}
Event: 4.616 GC heap before
{Heap before GC invocations=16 (full 0):
 garbage-first heap   total 68608K, used 54215K [0x000000008a400000, 0x0000000100000000)
  region size 1024K, 29 young (29696K), 4 survivors (4096K)
 Metaspace       used 72330K, committed 72896K, reserved 1114112K
  class space    used 9602K, committed 9856K, reserved 1048576K
}
Event: 4.620 GC heap after
{Heap after GC invocations=17 (full 0):
 garbage-first heap   total 68608K, used 30950K [0x000000008a400000, 0x0000000100000000)
  region size 1024K, 3 young (3072K), 3 survivors (3072K)
 Metaspace       used 72330K, committed 72896K, reserved 1114112K
  class space    used 9602K, committed 9856K, reserved 1048576K
}
Event: 4.938 GC heap before
{Heap before GC invocations=17 (full 0):
 garbage-first heap   total 68608K, used 53478K [0x000000008a400000, 0x0000000100000000)
  region size 1024K, 25 young (25600K), 3 survivors (3072K)
 Metaspace       used 75105K, committed 75648K, reserved 1114112K
  class space    used 10003K, committed 10304K, reserved 1048576K
}
Event: 4.941 GC heap after
{Heap after GC invocations=18 (full 0):
 garbage-first heap   total 82944K, used 32936K [0x000000008a400000, 0x0000000100000000)
  region size 1024K, 3 young (3072K), 3 survivors (3072K)
 Metaspace       used 75105K, committed 75648K, reserved 1114112K
  class space    used 10003K, committed 10304K, reserved 1048576K
}
Event: 10.903 GC heap before
{Heap before GC invocations=18 (full 0):
 garbage-first heap   total 82944K, used 62632K [0x000000008a400000, 0x0000000100000000)
  region size 1024K, 33 young (33792K), 3 survivors (3072K)
 Metaspace       used 81900K, committed 82432K, reserved 1179648K
  class space    used 10909K, committed 11136K, reserved 1048576K
}

